d7af92df77728c845d8ade87a54ef8f6	.\.gitignore
8ba428e9b14013ad1550480b7c30d7e8	.\app.config
367afe56984708514d71d78e18f87577	.\auto_restart.vbs
65cc733e73e1c06909b7c46024e7d231	.\boost_date_time-vc140-mt-x32-1_66.dll
8083ec7b92ad031b9335d3e55749b0f7	.\boost_system-vc140-mt-x32-1_66.dll
092b95b9308e2827a3b1598add0e306d	.\concrt140.dll
395b9c73d76666ab61aab04f89ad510c	.\cpprest_2_10.dll
bc2e20e92e45893e2573e31858ed9882	.\data.dat
d9a5424520cacdb6bca20edaf8657f70	.\face_crm_client.exe
a3613d8b6c6edd1a0eb3c4db86cae375	.\LIBEAY32.dll
de8ce6565e02de0ffa2be1e75297d79c	.\libgcc_s_sjlj-1.dll
b86ee109b3bdbad1bf9d3d16fbce45df	.\libgfortran-3.dll
3111f9a165f3f12f9597d4aadc4ff629	.\libopenblas.dll
8f7c1e130c3da4045d25344ee1e341b2	.\libquadmath-0.dll
0a252601b942f683c2c60beacb4f1a72	.\msvcp140.dll
c600f5302abd88584a5ab9137b0632a9	.\opencv_core341.dll
f081abd9d6ca7e425d340ce586f9c090	.\opencv_ffmpeg341.dll
3b7b94fa4f78ff87d19a5ed474a74e7d	.\opencv_highgui341.dll
5442f4425cf90cb71aef53e86c5c3bee	.\opencv_imgcodecs341.dll
28beb5c28128590804ec2645aaeaecb8	.\opencv_imgproc341.dll
fd9965dfcd4b563d26ff07a21c945dee	.\opencv_video341.dll
5029851f76c2f75def19a377604d3872	.\opencv_videoio341.dll
b0f0c065fba7646677e3528d1058f844	.\SendFileImage.exe
5e3baffbb43ce4bc57e60df0f8a91a62	.\SSLEAY32.dll
e51e3b607f000d4a22d926116059cbbb	.\UpdateClient.exe
8e65e033799eb9fd46bc5c184e7d1b85	.\vcruntime140.dll
3606852e408acdae0ac90aa67397409b	.\zlib1.dll
89e059359af24e6ec4e4dd3cc9688021	util/Datasection-Vietnam-General-5b58d8e39c5f.json
be32d8fdf94117cf40e1b43d6f6dbf3c	util/Google.Api.Gax.dll
fb011564981b661dc641817204443b21	util/Google.Api.Gax.Rest.dll
ab4d375fdc7cc62614084a0f524210f7	util/Google.Apis.Auth.dll
9f46fc9befc6ce8a83a5f654713a5b12	util/Google.Apis.Auth.PlatformServices.dll
c469e8bbd2ac399e13a3f9d4612d5fe6	util/Google.Apis.Core.dll
ab4018849a14290695791d0fa9c05eff	util/Google.Apis.dll
6c5a5e370f93d78bf3c8746e3a1de4fe	util/Google.Apis.PlatformServices.dll
19131cd698fb6e52220b4d887d48513b	util/Google.Apis.Storage.v1.dll
8b852335fbf7928cf0fe3a4f1de1e845	util/Google.Cloud.Storage.V1.dll
26eeb896e9fc7d919c71ef6e52cc1ea6	util/log_storage_client.exe
eb042fa52d715e5c9ced8ef466de4229	util/log_storage_client.exe.config
5afda7c7d4f7085e744c2e7599279db3	util/Newtonsoft.Json.dll
8551cecdf5b15535a728090ce2138ccd	util/NLog.dll
c6d15a3c5f1d8b2df7c6ee9bb3c15078	util/System.Interactive.Async.dll
d7af92df77728c845d8ade87a54ef8f6	.\.gitignore
8ba428e9b14013ad1550480b7c30d7e8	.\app.config
367afe56984708514d71d78e18f87577	.\auto_restart.vbs
65cc733e73e1c06909b7c46024e7d231	.\boost_date_time-vc140-mt-x32-1_66.dll
8083ec7b92ad031b9335d3e55749b0f7	.\boost_system-vc140-mt-x32-1_66.dll
092b95b9308e2827a3b1598add0e306d	.\concrt140.dll
395b9c73d76666ab61aab04f89ad510c	.\cpprest_2_10.dll
bc2e20e92e45893e2573e31858ed9882	.\data.dat
d9a5424520cacdb6bca20edaf8657f70	.\face_crm_client.exe
a3613d8b6c6edd1a0eb3c4db86cae375	.\LIBEAY32.dll
de8ce6565e02de0ffa2be1e75297d79c	.\libgcc_s_sjlj-1.dll
b86ee109b3bdbad1bf9d3d16fbce45df	.\libgfortran-3.dll
3111f9a165f3f12f9597d4aadc4ff629	.\libopenblas.dll
8f7c1e130c3da4045d25344ee1e341b2	.\libquadmath-0.dll
0a252601b942f683c2c60beacb4f1a72	.\msvcp140.dll
c600f5302abd88584a5ab9137b0632a9	.\opencv_core341.dll
f081abd9d6ca7e425d340ce586f9c090	.\opencv_ffmpeg341.dll
3b7b94fa4f78ff87d19a5ed474a74e7d	.\opencv_highgui341.dll
5442f4425cf90cb71aef53e86c5c3bee	.\opencv_imgcodecs341.dll
28beb5c28128590804ec2645aaeaecb8	.\opencv_imgproc341.dll
fd9965dfcd4b563d26ff07a21c945dee	.\opencv_video341.dll
5029851f76c2f75def19a377604d3872	.\opencv_videoio341.dll
b0f0c065fba7646677e3528d1058f844	.\SendFileImage.exe
5e3baffbb43ce4bc57e60df0f8a91a62	.\SSLEAY32.dll
436453e1595e151ee590a0a447bc98f8	.\UPDATE.txt
7db71e6799ed76cffb4077279239846e	.\UpdateClient.exe
8e65e033799eb9fd46bc5c184e7d1b85	.\vcruntime140.dll
3606852e408acdae0ac90aa67397409b	.\zlib1.dll
